<?xml version="1.0" encoding="utf-8"?><testsuites name="pytest tests"><testsuite name="pytest" errors="0" failures="0" skipped="0" tests="9" time="13.617" timestamp="2026-02-14T19:19:36.466142+00:00" hostname="agent-env-6330f7e0-73ba-48e9-bb43-79981c092204"><testcase classname="backend.tests.test_api.TestHealthAndRoot" name="test_api_root" time="0.172" /><testcase classname="backend.tests.test_api.TestFamilyEndpoints" name="test_get_family_members" time="0.202" /><testcase classname="backend.tests.test_api.TestFamilyEndpoints" name="test_create_and_delete_family_member" time="0.296" /><testcase classname="backend.tests.test_api.TestTripsEndpoints" name="test_get_trips" time="0.120" /><testcase classname="backend.tests.test_api.TestSuggestionsEndpoints" name="test_get_suggestions" time="0.189" /><testcase classname="backend.tests.test_api.TestSuggestionsEndpoints" name="test_toggle_suggestion" time="0.364" /><testcase classname="backend.tests.test_api.TestPackingListsEndpoints" name="test_get_packing_lists" time="0.114" /><testcase classname="backend.tests.test_api.TestPackingListsEndpoints" name="test_create_update_delete_packing_list" time="0.724" /><testcase classname="backend.tests.test_api.TestChatEndpoint" name="test_chat_endpoint" time="11.326" /></testsuite></testsuites>